2023-06-03T03:44:38+00:00 CRITICAL Uncaught Error: Call to a member function get_id() on bool in H:\wordpress\vatlieunhakhoa\wp-content\themes\vatlieunhakhoa\page-61.php:239
Stack trace:
#0 H:\wordpress\vatlieunhakhoa\wp-includes\template-loader.php(106): include()
#1 H:\wordpress\vatlieunhakhoa\wp-blog-header.php(19): require_once('H:\\wordpress\\va...')
#2 H:\wordpress\vatlieunhakhoa\index.php(17): require('H:\\wordpress\\va...')
#3 {main}
  thrown in H:\wordpress\vatlieunhakhoa\wp-content\themes\vatlieunhakhoa\page-61.php on line 239

2023-06-03T03:45:11+00:00 CRITICAL Uncaught Error: Call to a member function get_id() on bool in H:\wordpress\vatlieunhakhoa\wp-content\themes\vatlieunhakhoa\page-61.php:239
Stack trace:
#0 H:\wordpress\vatlieunhakhoa\wp-includes\template-loader.php(106): include()
#1 H:\wordpress\vatlieunhakhoa\wp-blog-header.php(19): require_once('H:\\wordpress\\va...')
#2 H:\wordpress\vatlieunhakhoa\index.php(17): require('H:\\wordpress\\va...')
#3 {main}
  thrown in H:\wordpress\vatlieunhakhoa\wp-content\themes\vatlieunhakhoa\page-61.php on line 239

2023-06-03T03:45:58+00:00 CRITICAL Uncaught Error: Call to a member function get_id() on bool in H:\wordpress\vatlieunhakhoa\wp-content\themes\vatlieunhakhoa\page-61.php:239
Stack trace:
#0 H:\wordpress\vatlieunhakhoa\wp-includes\template-loader.php(106): include()
#1 H:\wordpress\vatlieunhakhoa\wp-blog-header.php(19): require_once('H:\\wordpress\\va...')
#2 H:\wordpress\vatlieunhakhoa\index.php(17): require('H:\\wordpress\\va...')
#3 {main}
  thrown in H:\wordpress\vatlieunhakhoa\wp-content\themes\vatlieunhakhoa\page-61.php on line 239

2023-06-03T03:46:37+00:00 CRITICAL Uncaught Error: Call to a member function get_id() on bool in H:\wordpress\vatlieunhakhoa\wp-content\themes\vatlieunhakhoa\page-61.php:239
Stack trace:
#0 H:\wordpress\vatlieunhakhoa\wp-includes\template-loader.php(106): include()
#1 H:\wordpress\vatlieunhakhoa\wp-blog-header.php(19): require_once('H:\\wordpress\\va...')
#2 H:\wordpress\vatlieunhakhoa\index.php(17): require('H:\\wordpress\\va...')
#3 {main}
  thrown in H:\wordpress\vatlieunhakhoa\wp-content\themes\vatlieunhakhoa\page-61.php on line 239

2023-06-03T03:47:15+00:00 CRITICAL Uncaught Error: Call to a member function get_id() on bool in H:\wordpress\vatlieunhakhoa\wp-content\themes\vatlieunhakhoa\page-61.php:239
Stack trace:
#0 H:\wordpress\vatlieunhakhoa\wp-includes\template-loader.php(106): include()
#1 H:\wordpress\vatlieunhakhoa\wp-blog-header.php(19): require_once('H:\\wordpress\\va...')
#2 H:\wordpress\vatlieunhakhoa\index.php(17): require('H:\\wordpress\\va...')
#3 {main}
  thrown in H:\wordpress\vatlieunhakhoa\wp-content\themes\vatlieunhakhoa\page-61.php on line 239

2023-06-03T03:47:25+00:00 CRITICAL Uncaught Error: Call to a member function get_id() on bool in H:\wordpress\vatlieunhakhoa\wp-content\themes\vatlieunhakhoa\page-61.php:239
Stack trace:
#0 H:\wordpress\vatlieunhakhoa\wp-includes\template-loader.php(106): include()
#1 H:\wordpress\vatlieunhakhoa\wp-blog-header.php(19): require_once('H:\\wordpress\\va...')
#2 H:\wordpress\vatlieunhakhoa\index.php(17): require('H:\\wordpress\\va...')
#3 {main}
  thrown in H:\wordpress\vatlieunhakhoa\wp-content\themes\vatlieunhakhoa\page-61.php on line 239

2023-06-03T03:52:43+00:00 CRITICAL Uncaught TypeError: fclose(): Argument #1 ($stream) must be of type resource, bool given in H:\wordpress\vatlieunhakhoa\wp-content\plugins\wp-super-cache\wp-cache-phase2.php:3148
Stack trace:
#0 H:\wordpress\vatlieunhakhoa\wp-content\plugins\wp-super-cache\wp-cache-phase2.php(3148): fclose(false)
#1 H:\wordpress\vatlieunhakhoa\wp-includes\class-wp-hook.php(292): wp_cache_gc_cron()
#2 H:\wordpress\vatlieunhakhoa\wp-includes\class-wp-hook.php(316): WP_Hook->apply_filters('', Array)
#3 H:\wordpress\vatlieunhakhoa\wp-includes\plugin.php(551): WP_Hook->do_action(Array)
#4 H:\wordpress\vatlieunhakhoa\wp-cron.php(138): do_action_ref_array('wp_cache_gc', Array)
#5 {main}
  thrown in H:\wordpress\vatlieunhakhoa\wp-content\plugins\wp-super-cache\wp-cache-phase2.php on line 3148

2023-06-03T04:06:17+00:00 CRITICAL Uncaught TypeError: fclose(): Argument #1 ($stream) must be of type resource, bool given in H:\wordpress\vatlieunhakhoa\wp-content\plugins\wp-super-cache\wp-cache-phase2.php:3148
Stack trace:
#0 H:\wordpress\vatlieunhakhoa\wp-content\plugins\wp-super-cache\wp-cache-phase2.php(3148): fclose(false)
#1 H:\wordpress\vatlieunhakhoa\wp-includes\class-wp-hook.php(292): wp_cache_gc_cron()
#2 H:\wordpress\vatlieunhakhoa\wp-includes\class-wp-hook.php(316): WP_Hook->apply_filters('', Array)
#3 H:\wordpress\vatlieunhakhoa\wp-includes\plugin.php(551): WP_Hook->do_action(Array)
#4 H:\wordpress\vatlieunhakhoa\wp-cron.php(138): do_action_ref_array('wp_cache_gc', Array)
#5 {main}
  thrown in H:\wordpress\vatlieunhakhoa\wp-content\plugins\wp-super-cache\wp-cache-phase2.php on line 3148

2023-06-03T05:09:54+00:00 CRITICAL Uncaught Error: Call to a member function get_id() on bool in H:\wordpress\vatlieunhakhoa\wp-content\themes\vatlieunhakhoa\page-61.php:239
Stack trace:
#0 H:\wordpress\vatlieunhakhoa\wp-includes\template-loader.php(106): include()
#1 H:\wordpress\vatlieunhakhoa\wp-blog-header.php(19): require_once('H:\\wordpress\\va...')
#2 H:\wordpress\vatlieunhakhoa\index.php(17): require('H:\\wordpress\\va...')
#3 {main}
  thrown in H:\wordpress\vatlieunhakhoa\wp-content\themes\vatlieunhakhoa\page-61.php on line 239

2023-06-03T05:09:54+00:00 CRITICAL Uncaught Error: Call to a member function get_id() on bool in H:\wordpress\vatlieunhakhoa\wp-content\themes\vatlieunhakhoa\page-61.php:239
Stack trace:
#0 H:\wordpress\vatlieunhakhoa\wp-includes\template-loader.php(106): include()
#1 H:\wordpress\vatlieunhakhoa\wp-blog-header.php(19): require_once('H:\\wordpress\\va...')
#2 H:\wordpress\vatlieunhakhoa\index.php(17): require('H:\\wordpress\\va...')
#3 {main}
  thrown in H:\wordpress\vatlieunhakhoa\wp-content\themes\vatlieunhakhoa\page-61.php on line 239

2023-06-03T05:10:55+00:00 CRITICAL Uncaught Error: Call to a member function get_id() on bool in H:\wordpress\vatlieunhakhoa\wp-content\themes\vatlieunhakhoa\page-61.php:239
Stack trace:
#0 H:\wordpress\vatlieunhakhoa\wp-includes\template-loader.php(106): include()
#1 H:\wordpress\vatlieunhakhoa\wp-blog-header.php(19): require_once('H:\\wordpress\\va...')
#2 H:\wordpress\vatlieunhakhoa\index.php(17): require('H:\\wordpress\\va...')
#3 {main}
  thrown in H:\wordpress\vatlieunhakhoa\wp-content\themes\vatlieunhakhoa\page-61.php on line 239

2023-06-03T05:11:26+00:00 CRITICAL syntax error, unexpected token ">" in H:\wordpress\vatlieunhakhoa\wp-content\themes\vatlieunhakhoa\page-61.php on line 492

2023-06-03T05:11:33+00:00 CRITICAL Uncaught Error: Call to a member function get_id() on bool in H:\wordpress\vatlieunhakhoa\wp-content\themes\vatlieunhakhoa\page-61.php:239
Stack trace:
#0 H:\wordpress\vatlieunhakhoa\wp-includes\template-loader.php(106): include()
#1 H:\wordpress\vatlieunhakhoa\wp-blog-header.php(19): require_once('H:\\wordpress\\va...')
#2 H:\wordpress\vatlieunhakhoa\index.php(17): require('H:\\wordpress\\va...')
#3 {main}
  thrown in H:\wordpress\vatlieunhakhoa\wp-content\themes\vatlieunhakhoa\page-61.php on line 239

2023-06-03T05:12:07+00:00 CRITICAL Uncaught Error: Call to a member function get_id() on bool in H:\wordpress\vatlieunhakhoa\wp-content\themes\vatlieunhakhoa\page-61.php:239
Stack trace:
#0 H:\wordpress\vatlieunhakhoa\wp-includes\template-loader.php(106): include()
#1 H:\wordpress\vatlieunhakhoa\wp-blog-header.php(19): require_once('H:\\wordpress\\va...')
#2 H:\wordpress\vatlieunhakhoa\index.php(17): require('H:\\wordpress\\va...')
#3 {main}
  thrown in H:\wordpress\vatlieunhakhoa\wp-content\themes\vatlieunhakhoa\page-61.php on line 239

2023-06-03T05:12:11+00:00 CRITICAL Uncaught Error: Call to a member function get_id() on bool in H:\wordpress\vatlieunhakhoa\wp-content\themes\vatlieunhakhoa\page-61.php:239
Stack trace:
#0 H:\wordpress\vatlieunhakhoa\wp-includes\template-loader.php(106): include()
#1 H:\wordpress\vatlieunhakhoa\wp-blog-header.php(19): require_once('H:\\wordpress\\va...')
#2 H:\wordpress\vatlieunhakhoa\index.php(17): require('H:\\wordpress\\va...')
#3 {main}
  thrown in H:\wordpress\vatlieunhakhoa\wp-content\themes\vatlieunhakhoa\page-61.php on line 239

2023-06-03T05:13:45+00:00 CRITICAL Uncaught Error: Call to a member function get_id() on bool in H:\wordpress\vatlieunhakhoa\wp-content\themes\vatlieunhakhoa\page-61.php:239
Stack trace:
#0 H:\wordpress\vatlieunhakhoa\wp-includes\template-loader.php(106): include()
#1 H:\wordpress\vatlieunhakhoa\wp-blog-header.php(19): require_once('H:\\wordpress\\va...')
#2 H:\wordpress\vatlieunhakhoa\index.php(17): require('H:\\wordpress\\va...')
#3 {main}
  thrown in H:\wordpress\vatlieunhakhoa\wp-content\themes\vatlieunhakhoa\page-61.php on line 239

2023-06-03T05:14:35+00:00 CRITICAL Uncaught Error: Call to a member function get_id() on bool in H:\wordpress\vatlieunhakhoa\wp-content\themes\vatlieunhakhoa\page-61.php:239
Stack trace:
#0 H:\wordpress\vatlieunhakhoa\wp-includes\template-loader.php(106): include()
#1 H:\wordpress\vatlieunhakhoa\wp-blog-header.php(19): require_once('H:\\wordpress\\va...')
#2 H:\wordpress\vatlieunhakhoa\index.php(17): require('H:\\wordpress\\va...')
#3 {main}
  thrown in H:\wordpress\vatlieunhakhoa\wp-content\themes\vatlieunhakhoa\page-61.php on line 239

2023-06-03T05:14:47+00:00 CRITICAL Uncaught Error: Call to a member function get_id() on bool in H:\wordpress\vatlieunhakhoa\wp-content\themes\vatlieunhakhoa\page-61.php:239
Stack trace:
#0 H:\wordpress\vatlieunhakhoa\wp-includes\template-loader.php(106): include()
#1 H:\wordpress\vatlieunhakhoa\wp-blog-header.php(19): require_once('H:\\wordpress\\va...')
#2 H:\wordpress\vatlieunhakhoa\index.php(17): require('H:\\wordpress\\va...')
#3 {main}
  thrown in H:\wordpress\vatlieunhakhoa\wp-content\themes\vatlieunhakhoa\page-61.php on line 239

2023-06-03T05:15:13+00:00 CRITICAL Uncaught Error: Call to a member function get_id() on bool in H:\wordpress\vatlieunhakhoa\wp-content\themes\vatlieunhakhoa\page-61.php:239
Stack trace:
#0 H:\wordpress\vatlieunhakhoa\wp-includes\template-loader.php(106): include()
#1 H:\wordpress\vatlieunhakhoa\wp-blog-header.php(19): require_once('H:\\wordpress\\va...')
#2 H:\wordpress\vatlieunhakhoa\index.php(17): require('H:\\wordpress\\va...')
#3 {main}
  thrown in H:\wordpress\vatlieunhakhoa\wp-content\themes\vatlieunhakhoa\page-61.php on line 239

2023-06-03T05:15:22+00:00 CRITICAL Uncaught Error: Call to a member function get_id() on bool in H:\wordpress\vatlieunhakhoa\wp-content\themes\vatlieunhakhoa\page-61.php:239
Stack trace:
#0 H:\wordpress\vatlieunhakhoa\wp-includes\template-loader.php(106): include()
#1 H:\wordpress\vatlieunhakhoa\wp-blog-header.php(19): require_once('H:\\wordpress\\va...')
#2 H:\wordpress\vatlieunhakhoa\index.php(17): require('H:\\wordpress\\va...')
#3 {main}
  thrown in H:\wordpress\vatlieunhakhoa\wp-content\themes\vatlieunhakhoa\page-61.php on line 239

2023-06-03T05:15:34+00:00 CRITICAL Uncaught Error: Call to a member function get_id() on bool in H:\wordpress\vatlieunhakhoa\wp-content\themes\vatlieunhakhoa\page-61.php:239
Stack trace:
#0 H:\wordpress\vatlieunhakhoa\wp-includes\template-loader.php(106): include()
#1 H:\wordpress\vatlieunhakhoa\wp-blog-header.php(19): require_once('H:\\wordpress\\va...')
#2 H:\wordpress\vatlieunhakhoa\index.php(17): require('H:\\wordpress\\va...')
#3 {main}
  thrown in H:\wordpress\vatlieunhakhoa\wp-content\themes\vatlieunhakhoa\page-61.php on line 239

2023-06-03T05:15:40+00:00 CRITICAL Uncaught Error: Call to a member function get_id() on bool in H:\wordpress\vatlieunhakhoa\wp-content\themes\vatlieunhakhoa\page-61.php:239
Stack trace:
#0 H:\wordpress\vatlieunhakhoa\wp-includes\template-loader.php(106): include()
#1 H:\wordpress\vatlieunhakhoa\wp-blog-header.php(19): require_once('H:\\wordpress\\va...')
#2 H:\wordpress\vatlieunhakhoa\index.php(17): require('H:\\wordpress\\va...')
#3 {main}
  thrown in H:\wordpress\vatlieunhakhoa\wp-content\themes\vatlieunhakhoa\page-61.php on line 239

2023-06-03T05:16:44+00:00 CRITICAL Uncaught TypeError: fclose(): Argument #1 ($stream) must be of type resource, bool given in H:\wordpress\vatlieunhakhoa\wp-content\plugins\wp-super-cache\wp-cache-phase2.php:3148
Stack trace:
#0 H:\wordpress\vatlieunhakhoa\wp-content\plugins\wp-super-cache\wp-cache-phase2.php(3148): fclose(false)
#1 H:\wordpress\vatlieunhakhoa\wp-includes\class-wp-hook.php(292): wp_cache_gc_cron()
#2 H:\wordpress\vatlieunhakhoa\wp-includes\class-wp-hook.php(316): WP_Hook->apply_filters('', Array)
#3 H:\wordpress\vatlieunhakhoa\wp-includes\plugin.php(551): WP_Hook->do_action(Array)
#4 H:\wordpress\vatlieunhakhoa\wp-cron.php(138): do_action_ref_array('wp_cache_gc', Array)
#5 {main}
  thrown in H:\wordpress\vatlieunhakhoa\wp-content\plugins\wp-super-cache\wp-cache-phase2.php on line 3148

2023-06-03T05:16:44+00:00 CRITICAL Uncaught Error: Call to a member function get_id() on bool in H:\wordpress\vatlieunhakhoa\wp-content\themes\vatlieunhakhoa\page-61.php:239
Stack trace:
#0 H:\wordpress\vatlieunhakhoa\wp-includes\template-loader.php(106): include()
#1 H:\wordpress\vatlieunhakhoa\wp-blog-header.php(19): require_once('H:\\wordpress\\va...')
#2 H:\wordpress\vatlieunhakhoa\index.php(17): require('H:\\wordpress\\va...')
#3 {main}
  thrown in H:\wordpress\vatlieunhakhoa\wp-content\themes\vatlieunhakhoa\page-61.php on line 239

2023-06-03T05:21:52+00:00 CRITICAL Uncaught Error: Call to a member function get_id() on bool in H:\wordpress\vatlieunhakhoa\wp-content\themes\vatlieunhakhoa\page-61.php:239
Stack trace:
#0 H:\wordpress\vatlieunhakhoa\wp-includes\template-loader.php(106): include()
#1 H:\wordpress\vatlieunhakhoa\wp-blog-header.php(19): require_once('H:\\wordpress\\va...')
#2 H:\wordpress\vatlieunhakhoa\index.php(17): require('H:\\wordpress\\va...')
#3 {main}
  thrown in H:\wordpress\vatlieunhakhoa\wp-content\themes\vatlieunhakhoa\page-61.php on line 239

2023-06-03T05:22:32+00:00 CRITICAL Uncaught Error: Call to a member function get_id() on bool in H:\wordpress\vatlieunhakhoa\wp-content\themes\vatlieunhakhoa\page-61.php:239
Stack trace:
#0 H:\wordpress\vatlieunhakhoa\wp-includes\template-loader.php(106): include()
#1 H:\wordpress\vatlieunhakhoa\wp-blog-header.php(19): require_once('H:\\wordpress\\va...')
#2 H:\wordpress\vatlieunhakhoa\index.php(17): require('H:\\wordpress\\va...')
#3 {main}
  thrown in H:\wordpress\vatlieunhakhoa\wp-content\themes\vatlieunhakhoa\page-61.php on line 239

2023-06-03T05:30:28+00:00 CRITICAL Uncaught Error: Call to a member function get_id() on bool in H:\wordpress\vatlieunhakhoa\wp-content\themes\vatlieunhakhoa\page-61.php:239
Stack trace:
#0 H:\wordpress\vatlieunhakhoa\wp-includes\template-loader.php(106): include()
#1 H:\wordpress\vatlieunhakhoa\wp-blog-header.php(19): require_once('H:\\wordpress\\va...')
#2 H:\wordpress\vatlieunhakhoa\index.php(17): require('H:\\wordpress\\va...')
#3 {main}
  thrown in H:\wordpress\vatlieunhakhoa\wp-content\themes\vatlieunhakhoa\page-61.php on line 239

2023-06-03T05:31:58+00:00 CRITICAL Uncaught TypeError: fclose(): Argument #1 ($stream) must be of type resource, bool given in H:\wordpress\vatlieunhakhoa\wp-content\plugins\wp-super-cache\wp-cache-phase2.php:3148
Stack trace:
#0 H:\wordpress\vatlieunhakhoa\wp-content\plugins\wp-super-cache\wp-cache-phase2.php(3148): fclose(false)
#1 H:\wordpress\vatlieunhakhoa\wp-includes\class-wp-hook.php(292): wp_cache_gc_cron()
#2 H:\wordpress\vatlieunhakhoa\wp-includes\class-wp-hook.php(316): WP_Hook->apply_filters('', Array)
#3 H:\wordpress\vatlieunhakhoa\wp-includes\plugin.php(551): WP_Hook->do_action(Array)
#4 H:\wordpress\vatlieunhakhoa\wp-cron.php(138): do_action_ref_array('wp_cache_gc', Array)
#5 {main}
  thrown in H:\wordpress\vatlieunhakhoa\wp-content\plugins\wp-super-cache\wp-cache-phase2.php on line 3148

2023-06-03T05:32:05+00:00 CRITICAL Uncaught Error: Call to a member function get_id() on bool in H:\wordpress\vatlieunhakhoa\wp-content\themes\vatlieunhakhoa\page-61.php:239
Stack trace:
#0 H:\wordpress\vatlieunhakhoa\wp-includes\template-loader.php(106): include()
#1 H:\wordpress\vatlieunhakhoa\wp-blog-header.php(19): require_once('H:\\wordpress\\va...')
#2 H:\wordpress\vatlieunhakhoa\index.php(17): require('H:\\wordpress\\va...')
#3 {main}
  thrown in H:\wordpress\vatlieunhakhoa\wp-content\themes\vatlieunhakhoa\page-61.php on line 239

2023-06-03T05:44:03+00:00 CRITICAL Uncaught TypeError: fclose(): Argument #1 ($stream) must be of type resource, bool given in H:\wordpress\vatlieunhakhoa\wp-content\plugins\wp-super-cache\wp-cache-phase2.php:3148
Stack trace:
#0 H:\wordpress\vatlieunhakhoa\wp-content\plugins\wp-super-cache\wp-cache-phase2.php(3148): fclose(false)
#1 H:\wordpress\vatlieunhakhoa\wp-includes\class-wp-hook.php(292): wp_cache_gc_cron()
#2 H:\wordpress\vatlieunhakhoa\wp-includes\class-wp-hook.php(316): WP_Hook->apply_filters('', Array)
#3 H:\wordpress\vatlieunhakhoa\wp-includes\plugin.php(551): WP_Hook->do_action(Array)
#4 H:\wordpress\vatlieunhakhoa\wp-cron.php(138): do_action_ref_array('wp_cache_gc', Array)
#5 {main}
  thrown in H:\wordpress\vatlieunhakhoa\wp-content\plugins\wp-super-cache\wp-cache-phase2.php on line 3148

2023-06-03T05:56:31+00:00 CRITICAL Uncaught TypeError: fclose(): Argument #1 ($stream) must be of type resource, bool given in H:\wordpress\vatlieunhakhoa\wp-content\plugins\wp-super-cache\wp-cache-phase2.php:3148
Stack trace:
#0 H:\wordpress\vatlieunhakhoa\wp-content\plugins\wp-super-cache\wp-cache-phase2.php(3148): fclose(false)
#1 H:\wordpress\vatlieunhakhoa\wp-includes\class-wp-hook.php(292): wp_cache_gc_cron()
#2 H:\wordpress\vatlieunhakhoa\wp-includes\class-wp-hook.php(316): WP_Hook->apply_filters('', Array)
#3 H:\wordpress\vatlieunhakhoa\wp-includes\plugin.php(551): WP_Hook->do_action(Array)
#4 H:\wordpress\vatlieunhakhoa\wp-cron.php(138): do_action_ref_array('wp_cache_gc', Array)
#5 {main}
  thrown in H:\wordpress\vatlieunhakhoa\wp-content\plugins\wp-super-cache\wp-cache-phase2.php on line 3148

2023-06-03T06:09:04+00:00 CRITICAL Uncaught TypeError: fclose(): Argument #1 ($stream) must be of type resource, bool given in H:\wordpress\vatlieunhakhoa\wp-content\plugins\wp-super-cache\wp-cache-phase2.php:3148
Stack trace:
#0 H:\wordpress\vatlieunhakhoa\wp-content\plugins\wp-super-cache\wp-cache-phase2.php(3148): fclose(false)
#1 H:\wordpress\vatlieunhakhoa\wp-includes\class-wp-hook.php(292): wp_cache_gc_cron()
#2 H:\wordpress\vatlieunhakhoa\wp-includes\class-wp-hook.php(316): WP_Hook->apply_filters('', Array)
#3 H:\wordpress\vatlieunhakhoa\wp-includes\plugin.php(551): WP_Hook->do_action(Array)
#4 H:\wordpress\vatlieunhakhoa\wp-cron.php(138): do_action_ref_array('wp_cache_gc', Array)
#5 {main}
  thrown in H:\wordpress\vatlieunhakhoa\wp-content\plugins\wp-super-cache\wp-cache-phase2.php on line 3148

